[debug] [2021-08-20T23:01:52.552Z] ----------------------------------------------------------------------
[debug] [2021-08-20T23:01:52.554Z] Command:       C:\Program Files\nodejs\node.exe C:\Users\Glayson Visgueira\AppData\Roaming\npm\node_modules\firebase-tools\lib\bin\firebase.js init
[debug] [2021-08-20T23:01:52.555Z] CLI Version:   9.16.0
[debug] [2021-08-20T23:01:52.555Z] Platform:      win32
[debug] [2021-08-20T23:01:52.555Z] Node Version:  v14.16.1
[debug] [2021-08-20T23:01:52.556Z] Time:          Fri Aug 20 2021 20:01:52 GMT-0300 (Horário Padrão de Brasília)
[debug] [2021-08-20T23:01:52.556Z] ----------------------------------------------------------------------
[debug] 
[debug] [2021-08-20T23:01:52.560Z] >>> [apiv2][query] GET https://firebase-public.firebaseio.com/cli.json [none]
[debug] [2021-08-20T23:01:52.584Z] > command requires scopes: ["email","openid","https://www.googleapis.com/auth/cloudplatformprojects.readonly","https://www.googleapis.com/auth/firebase","https://www.googleapis.com/auth/cloud-platform"]
[debug] [2021-08-20T23:01:52.584Z] > authorizing via signed-in user (glaysonwow@gmail.com)
[info] 
     ######## #### ########  ######## ########     ###     ######  ########
     ##        ##  ##     ## ##       ##     ##  ##   ##  ##       ##
     ######    ##  ########  ######   ########  #########  ######  ######
     ##        ##  ##    ##  ##       ##     ## ##     ##       ## ##
     ##       #### ##     ## ######## ########  ##     ##  ######  ########

You're about to initialize a Firebase project in this directory:

  D:\Desenvolvimento\routermax\mobile

[debug] [2021-08-20T23:01:53.267Z] <<< [apiv2][status] GET https://firebase-public.firebaseio.com/cli.json 200
[debug] [2021-08-20T23:01:53.267Z] <<< [apiv2][body] GET https://firebase-public.firebaseio.com/cli.json {"cloudBuildErrorAfter":1594252800000,"cloudBuildWarnAfter":1590019200000,"defaultNode10After":1594252800000,"minVersion":"3.0.5","node8DeploysDisabledAfter":1613390400000,"node8RuntimeDisabledAfter":1615809600000,"node8WarnAfter":1600128000000}
